2017-07-21 11:50:50 main Utils [INFO] Supplied authorities: hive.hminslynk.com:443
2017-07-21 11:50:50 main Utils [INFO] Resolved authority: hive.hminslynk.com:443
2017-07-21 11:50:50 main HiveConnection [INFO] Will try to open client transport with JDBC Uri: jdbc:hive2://hive.hminslynk.com:443/
2017-07-21 11:50:50 main HiveConnection [INFO] Could not open client transport with JDBC Uri: jdbc:hive2://hive.hminslynk.com:443/
2017-07-21 11:50:50 main Utils [INFO] Supplied authorities: hive.hminslynk.com:443
2017-07-21 11:50:50 main Utils [INFO] Resolved authority: hive.hminslynk.com:443
2017-07-21 11:50:50 main HiveConnection [INFO] Will try to open client transport with JDBC Uri: jdbc:hive2://hive.hminslynk.com:443/
2017-07-21 11:50:50 main HiveConnection [INFO] Could not open client transport with JDBC Uri: jdbc:hive2://hive.hminslynk.com:443/
2017-07-21 11:55:23 main Utils [INFO] Supplied authorities: hive.hmislynk.com:443
2017-07-21 11:55:23 main Utils [INFO] Resolved authority: hive.hmislynk.com:443
2017-07-21 11:55:23 main HiveConnection [INFO] Will try to open client transport with JDBC Uri: jdbc:hive2://hive.hmislynk.com:443/
2017-07-21 11:55:23 main HiveConnection [INFO] Could not open client transport with JDBC Uri: jdbc:hive2://hive.hmislynk.com:443/
2017-07-21 11:55:23 main Utils [INFO] Supplied authorities: hive.hmislynk.com:443
2017-07-21 11:55:23 main Utils [INFO] Resolved authority: hive.hmislynk.com:443
2017-07-21 11:55:23 main HiveConnection [INFO] Will try to open client transport with JDBC Uri: jdbc:hive2://hive.hmislynk.com:443/
2017-07-21 11:55:23 main HiveConnection [INFO] Could not open client transport with JDBC Uri: jdbc:hive2://hive.hmislynk.com:443/
2017-07-21 11:56:25 main Utils [INFO] Supplied authorities: hive.hmislynk.com:443
2017-07-21 11:56:25 main Utils [INFO] Resolved authority: hive.hmislynk.com:443
2017-07-21 11:56:25 main HiveConnection [INFO] Will try to open client transport with JDBC Uri: jdbc:hive2://hive.hmislynk.com:443/
2017-07-21 11:56:25 main HiveConnection [INFO] Could not open client transport with JDBC Uri: jdbc:hive2://hive.hmislynk.com:443/
2017-07-21 11:56:25 main Utils [INFO] Supplied authorities: hive.hmislynk.com:443
2017-07-21 11:56:25 main Utils [INFO] Resolved authority: hive.hmislynk.com:443
2017-07-21 11:56:25 main HiveConnection [INFO] Will try to open client transport with JDBC Uri: jdbc:hive2://hive.hmislynk.com:443/
2017-07-21 11:56:25 main HiveConnection [INFO] Could not open client transport with JDBC Uri: jdbc:hive2://hive.hmislynk.com:443/
2017-07-21 11:56:26 main Utils [INFO] Supplied authorities: hive.hmislynk.com:443
2017-07-21 11:56:26 main Utils [INFO] Resolved authority: hive.hmislynk.com:443
2017-07-21 11:56:26 main HiveConnection [INFO] Will try to open client transport with JDBC Uri: jdbc:hive2://hive.hmislynk.com:443/
2017-07-21 11:56:26 main HiveConnection [INFO] Could not open client transport with JDBC Uri: jdbc:hive2://hive.hmislynk.com:443/
2017-07-21 11:56:26 main Utils [INFO] Supplied authorities: hive.hmislynk.com:443
2017-07-21 11:56:26 main Utils [INFO] Resolved authority: hive.hmislynk.com:443
2017-07-21 11:56:26 main HiveConnection [INFO] Will try to open client transport with JDBC Uri: jdbc:hive2://hive.hmislynk.com:443/
2017-07-21 11:56:26 main HiveConnection [INFO] Could not open client transport with JDBC Uri: jdbc:hive2://hive.hmislynk.com:443/
2017-07-21 11:56:26 main Utils [INFO] Supplied authorities: hive.hmislynk.com:443
2017-07-21 11:56:26 main Utils [INFO] Resolved authority: hive.hmislynk.com:443
2017-07-21 11:56:26 main HiveConnection [INFO] Will try to open client transport with JDBC Uri: jdbc:hive2://hive.hmislynk.com:443/
2017-07-21 11:56:27 main HiveConnection [INFO] Could not open client transport with JDBC Uri: jdbc:hive2://hive.hmislynk.com:443/
2017-07-21 11:56:27 main Utils [INFO] Supplied authorities: hive.hmislynk.com:443
2017-07-21 11:56:27 main Utils [INFO] Resolved authority: hive.hmislynk.com:443
2017-07-21 11:56:27 main HiveConnection [INFO] Will try to open client transport with JDBC Uri: jdbc:hive2://hive.hmislynk.com:443/
2017-07-21 11:56:27 main HiveConnection [INFO] Could not open client transport with JDBC Uri: jdbc:hive2://hive.hmislynk.com:443/
2017-07-21 11:56:27 main Utils [INFO] Supplied authorities: hive.hmislynk.com:443
2017-07-21 11:56:27 main Utils [INFO] Resolved authority: hive.hmislynk.com:443
2017-07-21 11:56:27 main HiveConnection [INFO] Will try to open client transport with JDBC Uri: jdbc:hive2://hive.hmislynk.com:443/
2017-07-21 11:56:27 main HiveConnection [INFO] Could not open client transport with JDBC Uri: jdbc:hive2://hive.hmislynk.com:443/
2017-07-21 11:56:27 main Utils [INFO] Supplied authorities: hive.hmislynk.com:443
2017-07-21 11:56:27 main Utils [INFO] Resolved authority: hive.hmislynk.com:443
2017-07-21 11:56:27 main HiveConnection [INFO] Will try to open client transport with JDBC Uri: jdbc:hive2://hive.hmislynk.com:443/
2017-07-21 11:56:27 main HiveConnection [INFO] Could not open client transport with JDBC Uri: jdbc:hive2://hive.hmislynk.com:443/
2017-07-21 11:56:27 main Utils [INFO] Supplied authorities: hive.hmislynk.com:443
2017-07-21 11:56:27 main Utils [INFO] Resolved authority: hive.hmislynk.com:443
2017-07-21 11:56:27 main HiveConnection [INFO] Will try to open client transport with JDBC Uri: jdbc:hive2://hive.hmislynk.com:443/
2017-07-21 11:56:27 main HiveConnection [INFO] Could not open client transport with JDBC Uri: jdbc:hive2://hive.hmislynk.com:443/
2017-07-21 11:56:27 main Utils [INFO] Supplied authorities: hive.hmislynk.com:443
2017-07-21 11:56:27 main Utils [INFO] Resolved authority: hive.hmislynk.com:443
2017-07-21 11:56:27 main HiveConnection [INFO] Will try to open client transport with JDBC Uri: jdbc:hive2://hive.hmislynk.com:443/
2017-07-21 11:56:28 main HiveConnection [INFO] Could not open client transport with JDBC Uri: jdbc:hive2://hive.hmislynk.com:443/
2017-07-21 11:56:28 main Utils [INFO] Supplied authorities: hive.hmislynk.com:443
2017-07-21 11:56:28 main Utils [INFO] Resolved authority: hive.hmislynk.com:443
2017-07-21 11:56:28 main HiveConnection [INFO] Will try to open client transport with JDBC Uri: jdbc:hive2://hive.hmislynk.com:443/
2017-07-21 11:56:28 main HiveConnection [INFO] Could not open client transport with JDBC Uri: jdbc:hive2://hive.hmislynk.com:443/
2017-07-21 11:56:28 main Utils [INFO] Supplied authorities: hive.hmislynk.com:443
2017-07-21 11:56:28 main Utils [INFO] Resolved authority: hive.hmislynk.com:443
2017-07-21 11:56:28 main HiveConnection [INFO] Will try to open client transport with JDBC Uri: jdbc:hive2://hive.hmislynk.com:443/
2017-07-21 11:56:28 main HiveConnection [INFO] Could not open client transport with JDBC Uri: jdbc:hive2://hive.hmislynk.com:443/
2017-07-21 11:56:28 main Utils [INFO] Supplied authorities: hive.hmislynk.com:443
2017-07-21 11:56:28 main Utils [INFO] Resolved authority: hive.hmislynk.com:443
2017-07-21 11:56:28 main HiveConnection [INFO] Will try to open client transport with JDBC Uri: jdbc:hive2://hive.hmislynk.com:443/
2017-07-21 11:56:28 main HiveConnection [INFO] Could not open client transport with JDBC Uri: jdbc:hive2://hive.hmislynk.com:443/
2017-07-21 11:56:28 main Utils [INFO] Supplied authorities: hive.hmislynk.com:443
2017-07-21 11:56:28 main Utils [INFO] Resolved authority: hive.hmislynk.com:443
2017-07-21 11:56:28 main HiveConnection [INFO] Will try to open client transport with JDBC Uri: jdbc:hive2://hive.hmislynk.com:443/
2017-07-21 11:56:28 main HiveConnection [INFO] Could not open client transport with JDBC Uri: jdbc:hive2://hive.hmislynk.com:443/
2017-07-21 11:56:29 main Utils [INFO] Supplied authorities: hive.hmislynk.com:443
2017-07-21 11:56:29 main Utils [INFO] Resolved authority: hive.hmislynk.com:443
2017-07-21 11:56:29 main HiveConnection [INFO] Will try to open client transport with JDBC Uri: jdbc:hive2://hive.hmislynk.com:443/
2017-07-21 11:56:29 main HiveConnection [INFO] Could not open client transport with JDBC Uri: jdbc:hive2://hive.hmislynk.com:443/
2017-07-21 11:56:29 main Utils [INFO] Supplied authorities: hive.hmislynk.com:443
2017-07-21 11:56:29 main Utils [INFO] Resolved authority: hive.hmislynk.com:443
2017-07-21 11:56:29 main HiveConnection [INFO] Will try to open client transport with JDBC Uri: jdbc:hive2://hive.hmislynk.com:443/
2017-07-21 11:56:29 main HiveConnection [INFO] Could not open client transport with JDBC Uri: jdbc:hive2://hive.hmislynk.com:443/
2017-07-21 11:56:29 main Utils [INFO] Supplied authorities: hive.hmislynk.com:443
2017-07-21 11:56:29 main Utils [INFO] Resolved authority: hive.hmislynk.com:443
2017-07-21 11:56:29 main HiveConnection [INFO] Will try to open client transport with JDBC Uri: jdbc:hive2://hive.hmislynk.com:443/
2017-07-21 11:56:29 main HiveConnection [INFO] Could not open client transport with JDBC Uri: jdbc:hive2://hive.hmislynk.com:443/
2017-07-21 11:56:29 main Utils [INFO] Supplied authorities: hive.hmislynk.com:443
2017-07-21 11:56:29 main Utils [INFO] Resolved authority: hive.hmislynk.com:443
2017-07-21 11:56:29 main HiveConnection [INFO] Will try to open client transport with JDBC Uri: jdbc:hive2://hive.hmislynk.com:443/
2017-07-21 11:56:29 main HiveConnection [INFO] Could not open client transport with JDBC Uri: jdbc:hive2://hive.hmislynk.com:443/
2017-07-21 11:56:29 main Utils [INFO] Supplied authorities: hive.hmislynk.com:443
2017-07-21 11:56:29 main Utils [INFO] Resolved authority: hive.hmislynk.com:443
2017-07-21 11:56:29 main HiveConnection [INFO] Will try to open client transport with JDBC Uri: jdbc:hive2://hive.hmislynk.com:443/
2017-07-21 11:56:30 main HiveConnection [INFO] Could not open client transport with JDBC Uri: jdbc:hive2://hive.hmislynk.com:443/
2017-07-21 11:56:30 main Utils [INFO] Supplied authorities: hive.hmislynk.com:443
2017-07-21 11:56:30 main Utils [INFO] Resolved authority: hive.hmislynk.com:443
2017-07-21 11:56:30 main HiveConnection [INFO] Will try to open client transport with JDBC Uri: jdbc:hive2://hive.hmislynk.com:443/
2017-07-21 11:56:30 main HiveConnection [INFO] Could not open client transport with JDBC Uri: jdbc:hive2://hive.hmislynk.com:443/
2017-07-21 11:56:30 main Utils [INFO] Supplied authorities: hive.hmislynk.com:443
2017-07-21 11:56:30 main Utils [INFO] Resolved authority: hive.hmislynk.com:443
2017-07-21 11:56:30 main HiveConnection [INFO] Will try to open client transport with JDBC Uri: jdbc:hive2://hive.hmislynk.com:443/
2017-07-21 11:56:30 main HiveConnection [INFO] Could not open client transport with JDBC Uri: jdbc:hive2://hive.hmislynk.com:443/
2017-07-21 11:56:30 main Utils [INFO] Supplied authorities: hive.hmislynk.com:443
2017-07-21 11:56:30 main Utils [INFO] Resolved authority: hive.hmislynk.com:443
2017-07-21 11:56:30 main HiveConnection [INFO] Will try to open client transport with JDBC Uri: jdbc:hive2://hive.hmislynk.com:443/
2017-07-21 11:56:30 main HiveConnection [INFO] Could not open client transport with JDBC Uri: jdbc:hive2://hive.hmislynk.com:443/
2017-07-21 11:56:30 main Utils [INFO] Supplied authorities: hive.hmislynk.com:443
2017-07-21 11:56:30 main Utils [INFO] Resolved authority: hive.hmislynk.com:443
2017-07-21 11:56:30 main HiveConnection [INFO] Will try to open client transport with JDBC Uri: jdbc:hive2://hive.hmislynk.com:443/
2017-07-21 11:56:30 main HiveConnection [INFO] Could not open client transport with JDBC Uri: jdbc:hive2://hive.hmislynk.com:443/
2017-07-21 11:56:30 main Utils [INFO] Supplied authorities: hive.hmislynk.com:443
2017-07-21 11:56:30 main Utils [INFO] Resolved authority: hive.hmislynk.com:443
2017-07-21 11:56:30 main HiveConnection [INFO] Will try to open client transport with JDBC Uri: jdbc:hive2://hive.hmislynk.com:443/
2017-07-21 11:56:31 main HiveConnection [INFO] Could not open client transport with JDBC Uri: jdbc:hive2://hive.hmislynk.com:443/
2017-07-21 11:56:31 main Utils [INFO] Supplied authorities: hive.hmislynk.com:443
2017-07-21 11:56:31 main Utils [INFO] Resolved authority: hive.hmislynk.com:443
2017-07-21 11:56:31 main HiveConnection [INFO] Will try to open client transport with JDBC Uri: jdbc:hive2://hive.hmislynk.com:443/
2017-07-21 11:56:31 main HiveConnection [INFO] Could not open client transport with JDBC Uri: jdbc:hive2://hive.hmislynk.com:443/
2017-07-21 11:56:31 main Utils [INFO] Supplied authorities: hive.hmislynk.com:443
2017-07-21 11:56:31 main Utils [INFO] Resolved authority: hive.hmislynk.com:443
2017-07-21 11:56:31 main HiveConnection [INFO] Will try to open client transport with JDBC Uri: jdbc:hive2://hive.hmislynk.com:443/
2017-07-21 11:56:31 main HiveConnection [INFO] Could not open client transport with JDBC Uri: jdbc:hive2://hive.hmislynk.com:443/
2017-07-21 11:56:31 main Utils [INFO] Supplied authorities: hive.hmislynk.com:443
2017-07-21 11:56:31 main Utils [INFO] Resolved authority: hive.hmislynk.com:443
2017-07-21 11:56:31 main HiveConnection [INFO] Will try to open client transport with JDBC Uri: jdbc:hive2://hive.hmislynk.com:443/
2017-07-21 11:56:31 main HiveConnection [INFO] Could not open client transport with JDBC Uri: jdbc:hive2://hive.hmislynk.com:443/
2017-07-21 11:56:31 main Utils [INFO] Supplied authorities: hive.hmislynk.com:443
2017-07-21 11:56:31 main Utils [INFO] Resolved authority: hive.hmislynk.com:443
2017-07-21 11:56:31 main HiveConnection [INFO] Will try to open client transport with JDBC Uri: jdbc:hive2://hive.hmislynk.com:443/
2017-07-21 11:56:31 main HiveConnection [INFO] Could not open client transport with JDBC Uri: jdbc:hive2://hive.hmislynk.com:443/
2017-07-21 11:56:31 main Utils [INFO] Supplied authorities: hive.hmislynk.com:443
2017-07-21 11:56:31 main Utils [INFO] Resolved authority: hive.hmislynk.com:443
2017-07-21 11:56:31 main HiveConnection [INFO] Will try to open client transport with JDBC Uri: jdbc:hive2://hive.hmislynk.com:443/
2017-07-21 11:56:32 main HiveConnection [INFO] Could not open client transport with JDBC Uri: jdbc:hive2://hive.hmislynk.com:443/
2017-07-21 11:56:32 main Utils [INFO] Supplied authorities: hive.hmislynk.com:443
2017-07-21 11:56:32 main Utils [INFO] Resolved authority: hive.hmislynk.com:443
2017-07-21 11:56:32 main HiveConnection [INFO] Will try to open client transport with JDBC Uri: jdbc:hive2://hive.hmislynk.com:443/
2017-07-21 11:56:32 main HiveConnection [INFO] Could not open client transport with JDBC Uri: jdbc:hive2://hive.hmislynk.com:443/
2017-07-21 11:56:32 main Utils [INFO] Supplied authorities: hive.hmislynk.com:443
2017-07-21 11:56:32 main Utils [INFO] Resolved authority: hive.hmislynk.com:443
2017-07-21 11:56:32 main HiveConnection [INFO] Will try to open client transport with JDBC Uri: jdbc:hive2://hive.hmislynk.com:443/
2017-07-21 11:56:32 main HiveConnection [INFO] Could not open client transport with JDBC Uri: jdbc:hive2://hive.hmislynk.com:443/
2017-07-21 11:56:32 main Utils [INFO] Supplied authorities: hive.hmislynk.com:443
2017-07-21 11:56:32 main Utils [INFO] Resolved authority: hive.hmislynk.com:443
2017-07-21 11:56:32 main HiveConnection [INFO] Will try to open client transport with JDBC Uri: jdbc:hive2://hive.hmislynk.com:443/
2017-07-21 11:56:32 main HiveConnection [INFO] Could not open client transport with JDBC Uri: jdbc:hive2://hive.hmislynk.com:443/
2017-07-21 11:56:32 main Utils [INFO] Supplied authorities: hive.hmislynk.com:443
2017-07-21 11:56:32 main Utils [INFO] Resolved authority: hive.hmislynk.com:443
2017-07-21 11:56:32 main HiveConnection [INFO] Will try to open client transport with JDBC Uri: jdbc:hive2://hive.hmislynk.com:443/
2017-07-21 11:56:32 main HiveConnection [INFO] Could not open client transport with JDBC Uri: jdbc:hive2://hive.hmislynk.com:443/
2017-07-21 11:56:33 main Utils [INFO] Supplied authorities: hive.hmislynk.com:443
2017-07-21 11:56:33 main Utils [INFO] Resolved authority: hive.hmislynk.com:443
2017-07-21 11:56:33 main HiveConnection [INFO] Will try to open client transport with JDBC Uri: jdbc:hive2://hive.hmislynk.com:443/
2017-07-21 11:56:33 main HiveConnection [INFO] Could not open client transport with JDBC Uri: jdbc:hive2://hive.hmislynk.com:443/
2017-07-21 11:56:33 main Utils [INFO] Supplied authorities: hive.hmislynk.com:443
2017-07-21 11:56:33 main Utils [INFO] Resolved authority: hive.hmislynk.com:443
2017-07-21 11:56:33 main HiveConnection [INFO] Will try to open client transport with JDBC Uri: jdbc:hive2://hive.hmislynk.com:443/
2017-07-21 11:56:33 main HiveConnection [INFO] Could not open client transport with JDBC Uri: jdbc:hive2://hive.hmislynk.com:443/
2017-07-21 11:56:33 main Utils [INFO] Supplied authorities: hive.hmislynk.com:443
2017-07-21 11:56:33 main Utils [INFO] Resolved authority: hive.hmislynk.com:443
2017-07-21 11:56:33 main HiveConnection [INFO] Will try to open client transport with JDBC Uri: jdbc:hive2://hive.hmislynk.com:443/
2017-07-21 11:56:33 main HiveConnection [INFO] Could not open client transport with JDBC Uri: jdbc:hive2://hive.hmislynk.com:443/
2017-07-21 11:56:33 main Utils [INFO] Supplied authorities: hive.hmislynk.com:443
2017-07-21 11:56:33 main Utils [INFO] Resolved authority: hive.hmislynk.com:443
2017-07-21 11:56:33 main HiveConnection [INFO] Will try to open client transport with JDBC Uri: jdbc:hive2://hive.hmislynk.com:443/
2017-07-21 11:56:33 main HiveConnection [INFO] Could not open client transport with JDBC Uri: jdbc:hive2://hive.hmislynk.com:443/
2017-07-21 11:56:33 main Utils [INFO] Supplied authorities: hive.hmislynk.com:443
2017-07-21 11:56:33 main Utils [INFO] Resolved authority: hive.hmislynk.com:443
2017-07-21 11:56:33 main HiveConnection [INFO] Will try to open client transport with JDBC Uri: jdbc:hive2://hive.hmislynk.com:443/
2017-07-21 11:56:33 main HiveConnection [INFO] Could not open client transport with JDBC Uri: jdbc:hive2://hive.hmislynk.com:443/
2017-07-21 11:56:34 main Utils [INFO] Supplied authorities: hive.hmislynk.com:443
2017-07-21 11:56:34 main Utils [INFO] Resolved authority: hive.hmislynk.com:443
2017-07-21 11:56:34 main HiveConnection [INFO] Will try to open client transport with JDBC Uri: jdbc:hive2://hive.hmislynk.com:443/
2017-07-21 11:56:34 main HiveConnection [INFO] Could not open client transport with JDBC Uri: jdbc:hive2://hive.hmislynk.com:443/
2017-07-21 11:56:34 main Utils [INFO] Supplied authorities: hive.hmislynk.com:443
2017-07-21 11:56:34 main Utils [INFO] Resolved authority: hive.hmislynk.com:443
2017-07-21 11:56:34 main HiveConnection [INFO] Will try to open client transport with JDBC Uri: jdbc:hive2://hive.hmislynk.com:443/
2017-07-21 11:56:34 main HiveConnection [INFO] Could not open client transport with JDBC Uri: jdbc:hive2://hive.hmislynk.com:443/
2017-07-21 11:56:34 main Utils [INFO] Supplied authorities: hive.hmislynk.com:443
2017-07-21 11:56:34 main Utils [INFO] Resolved authority: hive.hmislynk.com:443
2017-07-21 11:56:34 main HiveConnection [INFO] Will try to open client transport with JDBC Uri: jdbc:hive2://hive.hmislynk.com:443/
2017-07-21 11:56:34 main HiveConnection [INFO] Could not open client transport with JDBC Uri: jdbc:hive2://hive.hmislynk.com:443/
2017-07-21 11:56:34 main Utils [INFO] Supplied authorities: hive.hmislynk.com:443
2017-07-21 11:56:34 main Utils [INFO] Resolved authority: hive.hmislynk.com:443
2017-07-21 11:56:34 main HiveConnection [INFO] Will try to open client transport with JDBC Uri: jdbc:hive2://hive.hmislynk.com:443/
2017-07-21 11:56:34 main HiveConnection [INFO] Could not open client transport with JDBC Uri: jdbc:hive2://hive.hmislynk.com:443/
2017-07-21 11:56:34 main Utils [INFO] Supplied authorities: hive.hmislynk.com:443
2017-07-21 11:56:34 main Utils [INFO] Resolved authority: hive.hmislynk.com:443
2017-07-21 11:56:34 main HiveConnection [INFO] Will try to open client transport with JDBC Uri: jdbc:hive2://hive.hmislynk.com:443/
2017-07-21 11:56:35 main HiveConnection [INFO] Could not open client transport with JDBC Uri: jdbc:hive2://hive.hmislynk.com:443/
2017-07-21 11:56:35 main Utils [INFO] Supplied authorities: hive.hmislynk.com:443
2017-07-21 11:56:35 main Utils [INFO] Resolved authority: hive.hmislynk.com:443
2017-07-21 11:56:35 main HiveConnection [INFO] Will try to open client transport with JDBC Uri: jdbc:hive2://hive.hmislynk.com:443/
2017-07-21 17:50:41 main Utils [INFO] Supplied authorities: internal.hmislynk.com:443
2017-07-21 17:50:41 main Utils [INFO] Resolved authority: internal.hmislynk.com:443
2017-07-21 17:50:41 main HiveConnection [INFO] Will try to open client transport with JDBC Uri: jdbc:hive2://internal.hmislynk.com:443/
2017-07-21 17:51:14 main HiveConnection [INFO] Could not open client transport with JDBC Uri: jdbc:hive2://internal.hmislynk.com:443/
2017-07-21 17:51:14 main Utils [INFO] Supplied authorities: internal.hmislynk.com:443
2017-07-21 17:51:14 main Utils [INFO] Resolved authority: internal.hmislynk.com:443
2017-07-21 17:51:14 main HiveConnection [INFO] Will try to open client transport with JDBC Uri: jdbc:hive2://internal.hmislynk.com:443/
2017-07-21 17:51:46 main HiveConnection [INFO] Could not open client transport with JDBC Uri: jdbc:hive2://internal.hmislynk.com:443/
2017-07-21 17:51:47 main Utils [INFO] Supplied authorities: internal.hmislynk.com:443
2017-07-21 17:51:47 main Utils [INFO] Resolved authority: internal.hmislynk.com:443
2017-07-21 17:51:47 main HiveConnection [INFO] Will try to open client transport with JDBC Uri: jdbc:hive2://internal.hmislynk.com:443/
2017-07-21 17:52:20 main HiveConnection [INFO] Could not open client transport with JDBC Uri: jdbc:hive2://internal.hmislynk.com:443/
2017-07-21 17:52:20 main Utils [INFO] Supplied authorities: internal.hmislynk.com:443
2017-07-21 17:52:20 main Utils [INFO] Resolved authority: internal.hmislynk.com:443
2017-07-21 17:52:20 main HiveConnection [INFO] Will try to open client transport with JDBC Uri: jdbc:hive2://internal.hmislynk.com:443/
2017-07-21 17:52:52 main HiveConnection [INFO] Could not open client transport with JDBC Uri: jdbc:hive2://internal.hmislynk.com:443/
2017-07-21 17:52:52 main Utils [INFO] Supplied authorities: internal.hmislynk.com:443
2017-07-21 17:52:52 main Utils [INFO] Resolved authority: internal.hmislynk.com:443
2017-07-21 17:52:52 main HiveConnection [INFO] Will try to open client transport with JDBC Uri: jdbc:hive2://internal.hmislynk.com:443/
2017-07-21 17:53:25 main HiveConnection [INFO] Could not open client transport with JDBC Uri: jdbc:hive2://internal.hmislynk.com:443/
2017-07-21 17:53:25 main Utils [INFO] Supplied authorities: internal.hmislynk.com:443
2017-07-21 17:53:25 main Utils [INFO] Resolved authority: internal.hmislynk.com:443
2017-07-21 17:53:25 main HiveConnection [INFO] Will try to open client transport with JDBC Uri: jdbc:hive2://internal.hmislynk.com:443/
2017-07-21 18:37:41 main HiveConnection [INFO] Could not open client transport with JDBC Uri: jdbc:hive2://internal.hmislynk.com:443/
