2020-12-28 07:21:49 main ReportGenerator [INFO] Starting LSA reports process....
2020-12-28 07:23:32 main ReportGenerator [INFO] Starting LSA reports process....
2020-12-28 07:24:06 main SyncPostgresProcessor [ERROR]  Exception inserting sync table: ERROR: relation "lsa.lsa_Report" does not exist
  Position: 13
org.postgresql.util.PSQLException: ERROR: relation "lsa.lsa_Report" does not exist
  Position: 13
	at org.postgresql.core.v3.QueryExecutorImpl.receiveErrorResponse(QueryExecutorImpl.java:2284)
	at org.postgresql.core.v3.QueryExecutorImpl.processResults(QueryExecutorImpl.java:2003)
	at org.postgresql.core.v3.QueryExecutorImpl.execute(QueryExecutorImpl.java:200)
	at org.postgresql.jdbc.PgStatement.execute(PgStatement.java:424)
	at org.postgresql.jdbc.PgPreparedStatement.executeWithFlags(PgPreparedStatement.java:161)
	at org.postgresql.jdbc.PgPreparedStatement.executeUpdate(PgPreparedStatement.java:133)
	at com.servinglynk.hive.connection.SyncPostgresProcessor.insertLsaReport(SyncPostgresProcessor.java:67)
	at com.servinglynk.hmis.warehouse.LSAReportGenerator.exportToPDF(LSAReportGenerator.java:52)
	at com.servinglynk.hmis.warehouse.LSAReportGenerator.main(LSAReportGenerator.java:24)
2020-12-28 07:24:49 main ReportGenerator [INFO] Starting LSA reports process....
2020-12-28 07:25:42 main ReportGenerator [INFO] Starting LSA reports process....
2020-12-28 07:28:45 main ReportGenerator [INFO] Starting LSA reports process....
2020-12-28 07:29:32 main ReportGenerator [INFO] Starting LSA reports process....
2020-12-28 08:32:50 main ReportGenerator [INFO] Starting LSA reports process....
2020-12-28 08:33:05 main SyncPostgresProcessor [ERROR]  Exception inserting sync table: ERROR: relation "lsa.lsa_Report" does not exist
  Position: 13
org.postgresql.util.PSQLException: ERROR: relation "lsa.lsa_Report" does not exist
  Position: 13
	at org.postgresql.core.v3.QueryExecutorImpl.receiveErrorResponse(QueryExecutorImpl.java:2284)
	at org.postgresql.core.v3.QueryExecutorImpl.processResults(QueryExecutorImpl.java:2003)
	at org.postgresql.core.v3.QueryExecutorImpl.execute(QueryExecutorImpl.java:200)
	at org.postgresql.jdbc.PgStatement.execute(PgStatement.java:424)
	at org.postgresql.jdbc.PgPreparedStatement.executeWithFlags(PgPreparedStatement.java:161)
	at org.postgresql.jdbc.PgPreparedStatement.executeUpdate(PgPreparedStatement.java:133)
	at com.servinglynk.hive.connection.SyncPostgresProcessor.insertLsaReport(SyncPostgresProcessor.java:67)
	at com.servinglynk.hmis.warehouse.LSAReportGenerator.exportToPDF(LSAReportGenerator.java:54)
	at com.servinglynk.hmis.warehouse.LSAReportGenerator.main(LSAReportGenerator.java:24)
