Error executing the bulk upload process:: 
org.hibernate.exception.SQLGrammarException: could not perform addBatch
	at org.hibernate.exception.internal.SQLStateConversionDelegate.convert(SQLStateConversionDelegate.java:122)
	at org.hibernate.exception.internal.StandardSQLExceptionConverter.convert(StandardSQLExceptionConverter.java:49)
	at org.hibernate.engine.jdbc.spi.SqlExceptionHelper.convert(SqlExceptionHelper.java:125)
	at org.hibernate.engine.jdbc.batch.internal.BatchingBatch.performExecution(BatchingBatch.java:114)
	at org.hibernate.engine.jdbc.batch.internal.BatchingBatch.doExecuteBatch(BatchingBatch.java:101)
	at org.hibernate.engine.jdbc.batch.internal.AbstractBatchImpl.execute(AbstractBatchImpl.java:149)
	at org.hibernate.engine.jdbc.internal.JdbcCoordinatorImpl.executeBatch(JdbcCoordinatorImpl.java:198)
	at org.hibernate.engine.spi.ActionQueue.executeActions(ActionQueue.java:357)
	at org.hibernate.engine.spi.ActionQueue.executeActions(ActionQueue.java:275)
	at org.hibernate.event.internal.AbstractFlushingEventListener.performExecutions(AbstractFlushingEventListener.java:328)
	at org.hibernate.event.internal.DefaultAutoFlushEventListener.onAutoFlush(DefaultAutoFlushEventListener.java:62)
	at org.hibernate.internal.SessionImpl.autoFlushIfRequired(SessionImpl.java:1204)
	at org.hibernate.internal.SessionImpl.list(SessionImpl.java:1654)
	at org.hibernate.internal.CriteriaImpl.list(CriteriaImpl.java:374)
	at com.servinglynk.hmis.warehouse.dao.ParentDaoImpl.getModels(ParentDaoImpl.java:127)
	at com.servinglynk.hmis.warehouse.dao.ParentDaoImpl.getModel(ParentDaoImpl.java:104)
	at com.servinglynk.hmis.warehouse.dao.ExportDaoImpl.hydrateStaging(ExportDaoImpl.java:21)
	at sun.reflect.NativeMethodAccessorImpl.invoke0(Native Method)
	at sun.reflect.NativeMethodAccessorImpl.invoke(NativeMethodAccessorImpl.java:62)
	at sun.reflect.DelegatingMethodAccessorImpl.invoke(DelegatingMethodAccessorImpl.java:43)
	at java.lang.reflect.Method.invoke(Method.java:483)
	at org.springframework.aop.support.AopUtils.invokeJoinpointUsingReflection(AopUtils.java:317)
	at org.springframework.aop.framework.JdkDynamicAopProxy.invoke(JdkDynamicAopProxy.java:201)
	at com.sun.proxy.$Proxy40.hydrateStaging(Unknown Source)
	at com.servinglynk.hmis.warehouse.dao.BulkUploaderDaoImpl.performBulkUpload(BulkUploaderDaoImpl.java:112)
	at sun.reflect.NativeMethodAccessorImpl.invoke0(Native Method)
	at sun.reflect.NativeMethodAccessorImpl.invoke(NativeMethodAccessorImpl.java:62)
	at sun.reflect.DelegatingMethodAccessorImpl.invoke(DelegatingMethodAccessorImpl.java:43)
	at java.lang.reflect.Method.invoke(Method.java:483)
	at org.springframework.aop.support.AopUtils.invokeJoinpointUsingReflection(AopUtils.java:317)
	at org.springframework.aop.framework.ReflectiveMethodInvocation.invokeJoinpoint(ReflectiveMethodInvocation.java:190)
	at org.springframework.aop.framework.ReflectiveMethodInvocation.proceed(ReflectiveMethodInvocation.java:157)
	at org.springframework.transaction.interceptor.TransactionInterceptor$1.proceedWithInvocation(TransactionInterceptor.java:98)
	at org.springframework.transaction.interceptor.TransactionAspectSupport.invokeWithinTransaction(TransactionAspectSupport.java:262)
	at org.springframework.transaction.interceptor.TransactionInterceptor.invoke(TransactionInterceptor.java:95)
	at org.springframework.aop.framework.ReflectiveMethodInvocation.proceed(ReflectiveMethodInvocation.java:179)
	at org.springframework.aop.framework.JdkDynamicAopProxy.invoke(JdkDynamicAopProxy.java:207)
	at com.sun.proxy.$Proxy76.performBulkUpload(Unknown Source)
	at com.servinglynk.hmis.warehouse.dao.BulkUploaderTest.testCSVZip(BulkUploaderTest.java:67)
	at sun.reflect.NativeMethodAccessorImpl.invoke0(Native Method)
	at sun.reflect.NativeMethodAccessorImpl.invoke(NativeMethodAccessorImpl.java:62)
	at sun.reflect.DelegatingMethodAccessorImpl.invoke(DelegatingMethodAccessorImpl.java:43)
	at java.lang.reflect.Method.invoke(Method.java:483)
	at org.junit.runners.model.FrameworkMethod$1.runReflectiveCall(FrameworkMethod.java:44)
	at org.junit.internal.runners.model.ReflectiveCallable.run(ReflectiveCallable.java:15)
	at org.junit.runners.model.FrameworkMethod.invokeExplosively(FrameworkMethod.java:41)
	at org.junit.internal.runners.statements.InvokeMethod.evaluate(InvokeMethod.java:20)
	at org.springframework.test.context.junit4.statements.RunBeforeTestMethodCallbacks.evaluate(RunBeforeTestMethodCallbacks.java:74)
	at org.springframework.test.context.junit4.statements.RunAfterTestMethodCallbacks.evaluate(RunAfterTestMethodCallbacks.java:83)
	at org.springframework.test.context.junit4.statements.SpringRepeat.evaluate(SpringRepeat.java:72)
	at org.springframework.test.context.junit4.SpringJUnit4ClassRunner.runChild(SpringJUnit4ClassRunner.java:232)
	at org.springframework.test.context.junit4.SpringJUnit4ClassRunner.runChild(SpringJUnit4ClassRunner.java:89)
	at org.junit.runners.ParentRunner$3.run(ParentRunner.java:193)
	at org.junit.runners.ParentRunner$1.schedule(ParentRunner.java:52)
	at org.junit.runners.ParentRunner.runChildren(ParentRunner.java:191)
	at org.junit.runners.ParentRunner.access$000(ParentRunner.java:42)
	at org.junit.runners.ParentRunner$2.evaluate(ParentRunner.java:184)
	at org.springframework.test.context.junit4.statements.RunBeforeTestClassCallbacks.evaluate(RunBeforeTestClassCallbacks.java:61)
	at org.springframework.test.context.junit4.statements.RunAfterTestClassCallbacks.evaluate(RunAfterTestClassCallbacks.java:71)
	at org.junit.runners.ParentRunner.run(ParentRunner.java:236)
	at org.springframework.test.context.junit4.SpringJUnit4ClassRunner.run(SpringJUnit4ClassRunner.java:175)
	at org.eclipse.jdt.internal.junit4.runner.JUnit4TestReference.run(JUnit4TestReference.java:50)
	at org.eclipse.jdt.internal.junit.runner.TestExecution.run(TestExecution.java:38)
	at org.eclipse.jdt.internal.junit.runner.RemoteTestRunner.runTests(RemoteTestRunner.java:459)
	at org.eclipse.jdt.internal.junit.runner.RemoteTestRunner.runTests(RemoteTestRunner.java:675)
	at org.eclipse.jdt.internal.junit.runner.RemoteTestRunner.run(RemoteTestRunner.java:382)
	at org.eclipse.jdt.internal.junit.runner.RemoteTestRunner.main(RemoteTestRunner.java:192)
Caused by: java.sql.BatchUpdateException: Batch entry 0 insert into hmis.v2014.bulk_upload_activity (bulk_upload_id, date_created, date_updated, deleted, description, export_id, inserted, parent_id, project_group_code, records_processed, sync, table_name, updated, version, id) values (3, '2016-07-14 00:08:45.466000 +00:00:00', '2016-07-14 00:08:45.466000 +00:00:00', '0', 'Saving Source to staging', NULL, 1, NULL, 'PG0001', 1, '0', 'Source', 0, NULL, 20764) was aborted.  Call getNextException to see the cause.
	at org.postgresql.jdbc2.AbstractJdbc2Statement$BatchResultHandler.handleError(AbstractJdbc2Statement.java:2740)
	at org.postgresql.core.v3.QueryExecutorImpl.processResults(QueryExecutorImpl.java:1891)
	at org.postgresql.core.v3.QueryExecutorImpl.execute(QueryExecutorImpl.java:405)
	at org.postgresql.jdbc2.AbstractJdbc2Statement.executeBatch(AbstractJdbc2Statement.java:2889)
	at org.hibernate.engine.jdbc.batch.internal.BatchingBatch.performExecution(BatchingBatch.java:110)
	... 63 more
