





Start new sync for id: base
Create tables in HBASE
Create tables done
[hmis_project_group] Processing table : hmis_project_group
[hmis_api_method] Processing table : hmis_api_method
[hmis_project_group] Start thread  for: hmis_project_group
[bulk_upload] Processing table : bulk_upload
[hmis_api_method] Start thread  for: hmis_api_method
[client] Processing table : client
[bulk_upload] Start thread  for: bulk_upload
[hmis_account_consent] Processing table : hmis_account_consent
[client] Start thread  for: client
[hmis_account_data_change] Processing table : hmis_account_data_change
[hmis_account_consent] Start thread  for: hmis_account_consent
[hmis_account_lockout] Processing table : hmis_account_lockout
[hmis_account_preference] Processing table : hmis_account_preference
[hmis_api_group] Processing table : hmis_api_group
[hmis_consent_message] Processing table : hmis_consent_message
[hmis_developer_company] Processing table : hmis_developer_company
[hmis_developer_company_account] Processing table : hmis_developer_company_account
[hmis_developer_company_status] Processing table : hmis_developer_company_status
[hmis_password_reset] Processing table : hmis_password_reset
[hmis_permission_set] Processing table : hmis_permission_set
[hmis_permission_set_acl] Processing table : hmis_permission_set_acl
[hmis_profile] Processing table : hmis_profile
[hmis_profile_acl] Processing table : hmis_profile_acl
[hmis_project_projectgroup_map] Processing table : hmis_project_projectgroup_map
[hmis_property] Processing table : hmis_property
[hmis_redirect_uri] Processing table : hmis_redirect_uri
[hmis_refresh_token] Processing table : hmis_refresh_token
[hmis_release_of_info] Processing table : hmis_release_of_info
[hmis_request_token] Processing table : hmis_request_token
[hmis_role] Processing table : hmis_role
[hmis_service] Processing table : hmis_service
[hmis_service_api_method] Processing table : hmis_service_api_method
[hmis_service_license] Processing table : hmis_service_license
[hmis_service_status] Processing table : hmis_service_status
[hmis_session] Processing table : hmis_session
[hmis_sharing_rule] Processing table : hmis_sharing_rule
[hmis_trusted_app] Processing table : hmis_trusted_app
[hmis_trusted_app_status] Processing table : hmis_trusted_app_status
[hmis_user] Processing table : hmis_user
[hmis_user_permission_set_acl] Processing table : hmis_user_permission_set_acl
[hmis_user_project] Processing table : hmis_user_project
[hmis_user_role_map] Processing table : hmis_user_role_map
[hmis_verification] Processing table : hmis_verification
[organization] Processing table : organization
[hmis_account_consent]End thread for: hmis_account_consent
[hmis_account_data_change] Start thread  for: hmis_account_data_change
[hmis_project_group]End thread for: hmis_project_group
[hmis_account_lockout] Start thread  for: hmis_account_lockout
[hmis_account_data_change]End thread for: hmis_account_data_change
[hmis_account_preference] Start thread  for: hmis_account_preference
[hmis_account_lockout]End thread for: hmis_account_lockout
[hmis_api_group] Start thread  for: hmis_api_group
[hmis_account_preference]End thread for: hmis_account_preference
[hmis_consent_message] Start thread  for: hmis_consent_message
[hmis_consent_message]End thread for: hmis_consent_message
[hmis_developer_company] Start thread  for: hmis_developer_company
[hmis_api_group]End thread for: hmis_api_group
[bulk_upload]End thread for: bulk_upload
[hmis_developer_company_account] Start thread  for: hmis_developer_company_account
[hmis_developer_company_status] Start thread  for: hmis_developer_company_status
[hmis_developer_company]End thread for: hmis_developer_company
[hmis_password_reset] Start thread  for: hmis_password_reset
[hmis_password_reset]End thread for: hmis_password_reset
[hmis_permission_set] Start thread  for: hmis_permission_set
[hmis_developer_company_status]End thread for: hmis_developer_company_status
[hmis_permission_set_acl] Start thread  for: hmis_permission_set_acl
[hmis_permission_set]End thread for: hmis_permission_set
[hmis_profile] Start thread  for: hmis_profile
[hmis_developer_company_account]End thread for: hmis_developer_company_account
[hmis_profile_acl] Start thread  for: hmis_profile_acl
[hmis_api_method]End thread for: hmis_api_method
[hmis_project_projectgroup_map] Start thread  for: hmis_project_projectgroup_map
[hmis_profile]End thread for: hmis_profile
[hmis_property] Start thread  for: hmis_property
[hmis_property]End thread for: hmis_property
[hmis_profile_acl]End thread for: hmis_profile_acl
[hmis_redirect_uri] Start thread  for: hmis_redirect_uri
[hmis_refresh_token] Start thread  for: hmis_refresh_token
[hmis_permission_set_acl]End thread for: hmis_permission_set_acl
[hmis_release_of_info] Start thread  for: hmis_release_of_info
[hmis_project_projectgroup_map]End thread for: hmis_project_projectgroup_map
[hmis_request_token] Start thread  for: hmis_request_token
[hmis_release_of_info]End thread for: hmis_release_of_info
[hmis_role] Start thread  for: hmis_role
[hmis_redirect_uri]End thread for: hmis_redirect_uri
[hmis_service] Start thread  for: hmis_service
[hmis_request_token]End thread for: hmis_request_token
[hmis_service_api_method] Start thread  for: hmis_service_api_method
[hmis_role]End thread for: hmis_role
[hmis_service_license] Start thread  for: hmis_service_license
[hmis_service]End thread for: hmis_service
[hmis_service_status] Start thread  for: hmis_service_status
[hmis_service_license]End thread for: hmis_service_license
[hmis_session] Start thread  for: hmis_session
[hmis_service_status]End thread for: hmis_service_status
[hmis_sharing_rule] Start thread  for: hmis_sharing_rule
[hmis_refresh_token]End thread for: hmis_refresh_token
[hmis_trusted_app] Start thread  for: hmis_trusted_app
[client]End thread for: client
[hmis_trusted_app_status] Start thread  for: hmis_trusted_app_status
[hmis_service_api_method]End thread for: hmis_service_api_method
[hmis_user] Start thread  for: hmis_user
[hmis_session]End thread for: hmis_session
[hmis_user_permission_set_acl] Start thread  for: hmis_user_permission_set_acl
[hmis_user]End thread for: hmis_user
[hmis_user_project] Start thread  for: hmis_user_project
[hmis_sharing_rule]End thread for: hmis_sharing_rule
[hmis_user_role_map] Start thread  for: hmis_user_role_map
[hmis_trusted_app_status]End thread for: hmis_trusted_app_status
[hmis_verification] Start thread  for: hmis_verification
[hmis_trusted_app]End thread for: hmis_trusted_app
[organization] Start thread  for: organization
[hmis_user_permission_set_acl]End thread for: hmis_user_permission_set_acl
[hmis_user_project]End thread for: hmis_user_project
[hmis_user_role_map]End thread for: hmis_user_role_map
[hmis_verification]End thread for: hmis_verification
[organization]End thread for: organization
