2018-08-09 16:12:52 main CreateQuestion [ERROR]  Exception inserting sync table: ERROR: value too long for type character varying(32)
org.postgresql.util.PSQLException: ERROR: value too long for type character varying(32)
	at org.postgresql.core.v3.QueryExecutorImpl.receiveErrorResponse(QueryExecutorImpl.java:2284)
	at org.postgresql.core.v3.QueryExecutorImpl.processResults(QueryExecutorImpl.java:2003)
	at org.postgresql.core.v3.QueryExecutorImpl.execute(QueryExecutorImpl.java:200)
	at org.postgresql.jdbc.PgStatement.execute(PgStatement.java:424)
	at org.postgresql.jdbc.PgPreparedStatement.executeWithFlags(PgPreparedStatement.java:161)
	at org.postgresql.jdbc.PgPreparedStatement.executeUpdate(PgPreparedStatement.java:133)
	at com.servinglynk.hmis.warehouse.CreateQuestion.insertQuestion(CreateQuestion.java:75)
	at com.servinglynk.hmis.warehouse.CreateQuestion.main(CreateQuestion.java:108)
2018-08-09 16:12:53 main CreateQuestion [ERROR]  Exception inserting sync table: ERROR: value too long for type character varying(32)
org.postgresql.util.PSQLException: ERROR: value too long for type character varying(32)
	at org.postgresql.core.v3.QueryExecutorImpl.receiveErrorResponse(QueryExecutorImpl.java:2284)
	at org.postgresql.core.v3.QueryExecutorImpl.processResults(QueryExecutorImpl.java:2003)
	at org.postgresql.core.v3.QueryExecutorImpl.execute(QueryExecutorImpl.java:200)
	at org.postgresql.jdbc.PgStatement.execute(PgStatement.java:424)
	at org.postgresql.jdbc.PgPreparedStatement.executeWithFlags(PgPreparedStatement.java:161)
	at org.postgresql.jdbc.PgPreparedStatement.executeUpdate(PgPreparedStatement.java:133)
	at com.servinglynk.hmis.warehouse.CreateQuestion.insertQuestion(CreateQuestion.java:75)
	at com.servinglynk.hmis.warehouse.CreateQuestion.main(CreateQuestion.java:108)
2018-08-09 16:12:53 main CreateQuestion [ERROR]  Exception inserting sync table: ERROR: value too long for type character varying(32)
org.postgresql.util.PSQLException: ERROR: value too long for type character varying(32)
	at org.postgresql.core.v3.QueryExecutorImpl.receiveErrorResponse(QueryExecutorImpl.java:2284)
	at org.postgresql.core.v3.QueryExecutorImpl.processResults(QueryExecutorImpl.java:2003)
	at org.postgresql.core.v3.QueryExecutorImpl.execute(QueryExecutorImpl.java:200)
	at org.postgresql.jdbc.PgStatement.execute(PgStatement.java:424)
	at org.postgresql.jdbc.PgPreparedStatement.executeWithFlags(PgPreparedStatement.java:161)
	at org.postgresql.jdbc.PgPreparedStatement.executeUpdate(PgPreparedStatement.java:133)
	at com.servinglynk.hmis.warehouse.CreateQuestion.insertQuestion(CreateQuestion.java:75)
	at com.servinglynk.hmis.warehouse.CreateQuestion.main(CreateQuestion.java:108)
2018-08-09 16:12:54 main CreateQuestion [ERROR]  Exception inserting sync table: ERROR: value too long for type character varying(32)
org.postgresql.util.PSQLException: ERROR: value too long for type character varying(32)
	at org.postgresql.core.v3.QueryExecutorImpl.receiveErrorResponse(QueryExecutorImpl.java:2284)
	at org.postgresql.core.v3.QueryExecutorImpl.processResults(QueryExecutorImpl.java:2003)
	at org.postgresql.core.v3.QueryExecutorImpl.execute(QueryExecutorImpl.java:200)
	at org.postgresql.jdbc.PgStatement.execute(PgStatement.java:424)
	at org.postgresql.jdbc.PgPreparedStatement.executeWithFlags(PgPreparedStatement.java:161)
	at org.postgresql.jdbc.PgPreparedStatement.executeUpdate(PgPreparedStatement.java:133)
	at com.servinglynk.hmis.warehouse.CreateQuestion.insertQuestion(CreateQuestion.java:75)
	at com.servinglynk.hmis.warehouse.CreateQuestion.main(CreateQuestion.java:108)
