
#######################################################

######Start new sync for id: 221######

#######################################################

Create tables in HBASE

#######################################################

######Start new sync for id: 221######

#######################################################

Create tables in HBASE

#######################################################

######Start new sync for id: 221######

#######################################################

Create tables in HBASE
Create tables done

#######################################################

######Start new sync for id: 221######

#######################################################

Create tables in HBASE
Create tables done
[hmis_type] Processing table : hmis_type

#######################################################

######Start new sync for id: 221######

#######################################################

Create tables in HBASE
Create tables done
[hmis_type] Processing table : hmis_type
